<?xml version="1.0" encoding="UTF-8"?>
<!-- Generated by org.testng.reporters.JUnitReportReporter -->
<testsuite skipped="0" hostname="DESKTOP-QLTKSRN" name="tests.LoginTest" tests="2" failures="0" timestamp="07 Oct 2020 02:19:42 GMT" time="42.358" errors="0">
  <testcase name="loginWithWrongPasswordTest" time="25.791" classname="tests.LoginTest"/>
  <testcase name="loginWithWrongEmailTest" time="16.567" classname="tests.LoginTest"/>
</testsuite> <!-- tests.LoginTest -->
